<?xml version="1.0" encoding="UTF-8"?>
<testsuites name="Cescom_LeaveRequest" time="81.796" tests="2" failures="2" errors="0">
   <testsuite name="Cescom_LeaveRequest" tests="2" failures="2" errors="0" time="81.796" skipped="0" timestamp="2022-08-24 11:06:16" hostname="Acer - DESKTOP-S9H3JVF" id="Test Suites/Cescom_LeaveRequest">
      <properties>
         <property name="deviceName" value=""/>
         <property name="devicePlatform" value=""/>
         <property name="logFolder" value="D:\\dhanraj\\Sprint02\\CESCOM\\Reports\\20220824_110605\\Cescom_LeaveRequest\\20220824_110605"/>
         <property name="logFiles" value="D:\\dhanraj\\Sprint02\\CESCOM\\Reports\\20220824_110605\\Cescom_LeaveRequest\\20220824_110605\\execution0.log"/>
         <property name="attachments" value="D:\\dhanraj\\Sprint02\\CESCOM\\Reports\\20220824_110605\\Cescom_LeaveRequest\\20220824_110605\\1661319406433.png, D:\\dhanraj\\Sprint02\\CESCOM\\Reports\\20220824_110605\\Cescom_LeaveRequest\\20220824_110605\\1661319430183.png, D:\\dhanraj\\Sprint02\\CESCOM\\Reports\\20220824_110605\\Cescom_LeaveRequest\\20220824_110605\\1661319430416.png, D:\\dhanraj\\Sprint02\\CESCOM\\Reports\\20220824_110605\\Cescom_LeaveRequest\\20220824_110605\\1661319457750.png"/>
         <property name="hostName" value="Acer - DESKTOP-S9H3JVF"/>
         <property name="os" value="Windows 10 64bit"/>
         <property name="katalonVersion" value="8.4.0.208"/>
         <property name="browser" value="Chrome 104.0.5112.81"/>
         <property name="hostAddress" value="192.168.10.226"/>
         <property name="sessionId" value="42bb068fe5e400b42f85e2a043a73bb9"/>
         <property name="seleniumVersion" value="3.141.59"/>
         <property name="proxyInformation" value="ProxyInformation { proxyOption=NO_PROXY, proxyServerType=HTTP, username=, password=********, proxyServerAddress=, proxyServerPort=0, executionList=&quot;&quot;, isApplyToDesiredCapabilities=true }"/>
         <property name="platform" value="Windows 10"/>
      </properties>
      <testcase name="Test Cases/TC_Apply_CESCOM" time="54.288" classname="Test Cases/TC_Apply_CESCOM" status="FAILED">
         <failure type="FAILED" message="Test Cases/TC_Apply_CESCOM FAILED.
Reason:
com.kms.katalon.core.exception.StepFailedException: Unable to accept alert
	at com.kms.katalon.core.webui.keyword.internal.WebUIKeywordMain.stepFailed(WebUIKeywordMain.groovy:64)
	at com.kms.katalon.core.webui.keyword.internal.WebUIKeywordMain.runKeyword(WebUIKeywordMain.groovy:26)
	at com.kms.katalon.core.webui.keyword.builtin.AcceptAlertKeyword.acceptAlert(AcceptAlertKeyword.groovy:71)
	at com.kms.katalon.core.webui.keyword.builtin.AcceptAlertKeyword.execute(AcceptAlertKeyword.groovy:66)
	at com.kms.katalon.core.keyword.internal.KeywordExecutor.executeKeywordForPlatform(KeywordExecutor.groovy:74)
	at com.kms.katalon.core.webui.keyword.WebUiBuiltInKeywords.acceptAlert(WebUiBuiltInKeywords.groovy:1522)
	at com.kms.katalon.core.webui.keyword.WebUiBuiltInKeywords$acceptAlert$6.call(Unknown Source)
	at TC_Apply_CESCOM.run(TC_Apply_CESCOM:95)
	at com.kms.katalon.core.main.ScriptEngine.run(ScriptEngine.java:194)
	at com.kms.katalon.core.main.ScriptEngine.runScriptAsRawText(ScriptEngine.java:119)
	at com.kms.katalon.core.main.TestCaseExecutor.runScript(TestCaseExecutor.java:445)
	at com.kms.katalon.core.main.TestCaseExecutor.doExecute(TestCaseExecutor.java:436)
	at com.kms.katalon.core.main.TestCaseExecutor.processExecutionPhase(TestCaseExecutor.java:415)
	at com.kms.katalon.core.main.TestCaseExecutor.accessMainPhase(TestCaseExecutor.java:407)
	at com.kms.katalon.core.main.TestCaseExecutor.execute(TestCaseExecutor.java:284)
	at com.kms.katalon.core.common.CommonExecutor.accessTestCaseMainPhase(CommonExecutor.java:65)
	at com.kms.katalon.core.main.TestSuiteExecutor.accessTestSuiteMainPhase(TestSuiteExecutor.java:144)
	at com.kms.katalon.core.main.TestSuiteExecutor.execute(TestSuiteExecutor.java:106)
	at com.kms.katalon.core.main.TestCaseMain.startTestSuite(TestCaseMain.java:185)
	at com.kms.katalon.core.main.TestCaseMain$startTestSuite$0.call(Unknown Source)
	at TempTestSuite1661319365526.run(TempTestSuite1661319365526.groovy:36)
Caused by: com.kms.katalon.core.exception.StepFailedException: No alert found
	at com.kms.katalon.core.webui.keyword.internal.WebUIKeywordMain.stepFailed(WebUIKeywordMain.groovy:64)
	at com.kms.katalon.core.webui.keyword.builtin.AcceptAlertKeyword$_acceptAlert_closure1.doCall(AcceptAlertKeyword.groovy:78)
	at com.kms.katalon.core.webui.keyword.builtin.AcceptAlertKeyword$_acceptAlert_closure1.call(AcceptAlertKeyword.groovy)
	at com.kms.katalon.core.webui.keyword.internal.WebUIKeywordMain.runKeyword(WebUIKeywordMain.groovy:20)
	... 19 more
"/>
         <system-out><![CDATA[2022-08-24 11:06:16 - [TEST_CASE][FAILED] - Test Cases/TC_Apply_CESCOM: Test Cases/TC_Apply_CESCOM FAILED.
Reason:
com.kms.katalon.core.exception.StepFailedException: Unable to accept alert
	at com.kms.katalon.core.webui.keyword.internal.WebUIKeywordMain.stepFailed(WebUIKeywordMain.groovy:64)
	at com.kms.katalon.core.webui.keyword.internal.WebUIKeywordMain.runKeyword(WebUIKeywordMain.groovy:26)
	at com.kms.katalon.core.webui.keyword.builtin.AcceptAlertKeyword.acceptAlert(AcceptAlertKeyword.groovy:71)
	at com.kms.katalon.core.webui.keyword.builtin.AcceptAlertKeyword.execute(AcceptAlertKeyword.groovy:66)
	at com.kms.katalon.core.keyword.internal.KeywordExecutor.executeKeywordForPlatform(KeywordExecutor.groovy:74)
	at com.kms.katalon.core.webui.keyword.WebUiBuiltInKeywords.acceptAlert(WebUiBuiltInKeywords.groovy:1522)
	at com.kms.katalon.core.webui.keyword.WebUiBuiltInKeywords$acceptAlert$6.call(Unknown Source)
	at TC_Apply_CESCOM.run(TC_Apply_CESCOM:95)
	at com.kms.katalon.core.main.ScriptEngine.run(ScriptEngine.java:194)
	at com.kms.katalon.core.main.ScriptEngine.runScriptAsRawText(ScriptEngine.java:119)
	at com.kms.katalon.core.main.TestCaseExecutor.runScript(TestCaseExecutor.java:445)
	at com.kms.katalon.core.main.TestCaseExecutor.doExecute(TestCaseExecutor.java:436)
	at com.kms.katalon.core.main.TestCaseExecutor.processExecutionPhase(TestCaseExecutor.java:415)
	at com.kms.katalon.core.main.TestCaseExecutor.accessMainPhase(TestCaseExecutor.java:407)
	at com.kms.katalon.core.main.TestCaseExecutor.execute(TestCaseExecutor.java:284)
	at com.kms.katalon.core.common.CommonExecutor.accessTestCaseMainPhase(CommonExecutor.java:65)
	at com.kms.katalon.core.main.TestSuiteExecutor.accessTestSuiteMainPhase(TestSuiteExecutor.java:144)
	at com.kms.katalon.core.main.TestSuiteExecutor.execute(TestSuiteExecutor.java:106)
	at com.kms.katalon.core.main.TestCaseMain.startTestSuite(TestCaseMain.java:185)
	at com.kms.katalon.core.main.TestCaseMain$startTestSuite$0.call(Unknown Source)
	at TempTestSuite1661319365526.run(TempTestSuite1661319365526.groovy:36)
Caused by: com.kms.katalon.core.exception.StepFailedException: No alert found
	at com.kms.katalon.core.webui.keyword.internal.WebUIKeywordMain.stepFailed(WebUIKeywordMain.groovy:64)
	at com.kms.katalon.core.webui.keyword.builtin.AcceptAlertKeyword$_acceptAlert_closure1.doCall(AcceptAlertKeyword.groovy:78)
	at com.kms.katalon.core.webui.keyword.builtin.AcceptAlertKeyword$_acceptAlert_closure1.call(AcceptAlertKeyword.groovy)
	at com.kms.katalon.core.webui.keyword.internal.WebUIKeywordMain.runKeyword(WebUIKeywordMain.groovy:20)
	... 19 more


2022-08-24 11:06:17 - [TEST_STEP][PASSED] - openBrowser(""): Browser is opened with url: ''

2022-08-24 11:06:17 - [MESSAGE][INFO] - Starting 'Chrome' driver

2022-08-24 11:06:17 - [MESSAGE][INFO] - Action delay is set to 0 milliseconds

2022-08-24 11:06:20 - [MESSAGE][PASSED] - Browser is opened with url: ''

2022-08-24 11:06:20 - [TEST_STEP][PASSED] - navigateToUrl(url): Navigate to 'http://192.168.6.18:1992/' successfully

2022-08-24 11:06:23 - [MESSAGE][PASSED] - Navigate to 'http://192.168.6.18:1992/' successfully

2022-08-24 11:06:23 - [TEST_STEP][PASSED] - maximizeWindow(): Current window maximized

2022-08-24 11:06:23 - [MESSAGE][PASSED] - Current window maximized

2022-08-24 11:06:23 - [TEST_STEP][PASSED] - driver = getWebDriver(): null

2022-08-24 11:06:23 - [TEST_STEP][PASSED] - setText(findTestObject("Object Repository/TC_Apply_CESCOM/Page_HRMS/input_Login to HRMS_UserName"), username): Text '007712' is set on object 'Object Repository/TC_Apply_CESCOM/Page_HRMS/input_Login to HRMS_UserName'

2022-08-24 11:06:24 - [MESSAGE][PASSED] - Text '007712' is set on object 'Object Repository/TC_Apply_CESCOM/Page_HRMS/input_Login to HRMS_UserName'

2022-08-24 11:06:24 - [TEST_STEP][PASSED] - setText(findTestObject("Object Repository/TC_Apply_CESCOM/Page_HRMS/input_Login to HRMS_Password"), password): Text 'Admin123+' is set on object 'Object Repository/TC_Apply_CESCOM/Page_HRMS/input_Login to HRMS_Password'

2022-08-24 11:06:25 - [MESSAGE][PASSED] - Text 'Admin123+' is set on object 'Object Repository/TC_Apply_CESCOM/Page_HRMS/input_Login to HRMS_Password'

2022-08-24 11:06:25 - [TEST_STEP][PASSED] - a = Integer.parseInt(xpath("/html/body/div/div[1]/div[2]/div[2]/div/div/form/label/div/span[1]")).getText()): null

2022-08-24 11:06:25 - [TEST_STEP][PASSED] - b = Integer.parseInt(xpath("/html/body/div/div[1]/div[2]/div[2]/div/div/form/label/div/span[2]")).getText()): null

2022-08-24 11:06:26 - [TEST_STEP][PASSED] - output = String.valueOf(a + b): null

2022-08-24 11:06:26 - [TEST_STEP][PASSED] - className("submit__input")).sendKeys(output): null

2022-08-24 11:06:26 - [TEST_STEP][PASSED] - click(findTestObject("Object Repository/TC_Apply_CESCOM/Page_HRMS/input__BtnLogin")): Object: 'Object Repository/TC_Apply_CESCOM/Page_HRMS/input__BtnLogin' is clicked on

2022-08-24 11:06:35 - [MESSAGE][PASSED] - Object: 'Object Repository/TC_Apply_CESCOM/Page_HRMS/input__BtnLogin' is clicked on

2022-08-24 11:06:35 - [TEST_STEP][PASSED] - if (verifyElementPresent(findTestObject("Object Repository/TC_Apply_CESCOM/Page_HRMS/input_Accounts_undefined"), 10, OPTIONAL)): com.kms.katalon.core.webui.exception.WebElementNotFoundException: Web element with id: 'Object Repository/TC_Apply_CESCOM/Page_HRMS/input_Accounts_undefined' located by '//input[@id='0']' not found (Root cause: com.kms.katalon.core.exception.StepFailedException: com.kms.katalon.core.webui.exception.WebElementNotFoundException: Web element with id: 'Object Repository/TC_Apply_CESCOM/Page_HRMS/input_Accounts_undefined' located by '//input[@id='0']' not found
	at com.kms.katalon.core.webui.keyword.internal.WebUIKeywordMain.stepFailed(WebUIKeywordMain.groovy:64)
	at com.kms.katalon.core.webui.keyword.builtin.VerifyElementPresentKeyword$_verifyElementPresent_closure1.doCall(VerifyElementPresentKeyword.groovy:85)
	at com.kms.katalon.core.webui.keyword.builtin.VerifyElementPresentKeyword$_verifyElementPresent_closure1.call(VerifyElementPresentKeyword.groovy)
	at com.kms.katalon.core.webui.keyword.internal.WebUIKeywordMain.runKeyword(WebUIKeywordMain.groovy:20)
	at com.kms.katalon.core.webui.keyword.builtin.VerifyElementPresentKeyword.verifyElementPresent(VerifyElementPresentKeyword.groovy:92)
	at com.kms.katalon.core.webui.keyword.builtin.VerifyElementPresentKeyword.execute(VerifyElementPresentKeyword.groovy:68)
	at com.kms.katalon.core.keyword.internal.KeywordExecutor.executeKeywordForPlatform(KeywordExecutor.groovy:74)
	at com.kms.katalon.core.webui.keyword.WebUiBuiltInKeywords.verifyElementPresent(WebUiBuiltInKeywords.groovy:1448)
	at com.kms.katalon.core.webui.keyword.WebUiBuiltInKeywords$verifyElementPresent$4.call(Unknown Source)
	at TC_Apply_CESCOM.run(TC_Apply_CESCOM:40)
	at com.kms.katalon.core.main.ScriptEngine.run(ScriptEngine.java:194)
	at com.kms.katalon.core.main.ScriptEngine.runScriptAsRawText(ScriptEngine.java:119)
	at com.kms.katalon.core.main.TestCaseExecutor.runScript(TestCaseExecutor.java:445)
	at com.kms.katalon.core.main.TestCaseExecutor.doExecute(TestCaseExecutor.java:436)
	at com.kms.katalon.core.main.TestCaseExecutor.processExecutionPhase(TestCaseExecutor.java:415)
	at com.kms.katalon.core.main.TestCaseExecutor.accessMainPhase(TestCaseExecutor.java:407)
	at com.kms.katalon.core.main.TestCaseExecutor.execute(TestCaseExecutor.java:284)
	at com.kms.katalon.core.common.CommonExecutor.accessTestCaseMainPhase(CommonExecutor.java:65)
	at com.kms.katalon.core.main.TestSuiteExecutor.accessTestSuiteMainPhase(TestSuiteExecutor.java:144)
	at com.kms.katalon.core.main.TestSuiteExecutor.execute(TestSuiteExecutor.java:106)
	at com.kms.katalon.core.main.TestCaseMain.startTestSuite(TestCaseMain.java:185)
	at com.kms.katalon.core.main.TestCaseMain$startTestSuite$0.call(Unknown Source)
	at TempTestSuite1661319365526.run(TempTestSuite1661319365526.groovy:36)
)

2022-08-24 11:06:46 - [MESSAGE][INFO] - Unable to find the element located by 'By.xpath: //input[@id='0']'. Please recheck the objects properties to make sure the desired element is located. 

2022-08-24 11:06:46 - [MESSAGE][WARNING] - com.kms.katalon.core.webui.exception.WebElementNotFoundException: Web element with id: 'Object Repository/TC_Apply_CESCOM/Page_HRMS/input_Accounts_undefined' located by '//input[@id='0']' not found (Root cause: com.kms.katalon.core.exception.StepFailedException: com.kms.katalon.core.webui.exception.WebElementNotFoundException: Web element with id: 'Object Repository/TC_Apply_CESCOM/Page_HRMS/input_Accounts_undefined' located by '//input[@id='0']' not found
	at com.kms.katalon.core.webui.keyword.internal.WebUIKeywordMain.stepFailed(WebUIKeywordMain.groovy:64)
	at com.kms.katalon.core.webui.keyword.builtin.VerifyElementPresentKeyword$_verifyElementPresent_closure1.doCall(VerifyElementPresentKeyword.groovy:85)
	at com.kms.katalon.core.webui.keyword.builtin.VerifyElementPresentKeyword$_verifyElementPresent_closure1.call(VerifyElementPresentKeyword.groovy)
	at com.kms.katalon.core.webui.keyword.internal.WebUIKeywordMain.runKeyword(WebUIKeywordMain.groovy:20)
	at com.kms.katalon.core.webui.keyword.builtin.VerifyElementPresentKeyword.verifyElementPresent(VerifyElementPresentKeyword.groovy:92)
	at com.kms.katalon.core.webui.keyword.builtin.VerifyElementPresentKeyword.execute(VerifyElementPresentKeyword.groovy:68)
	at com.kms.katalon.core.keyword.internal.KeywordExecutor.executeKeywordForPlatform(KeywordExecutor.groovy:74)
	at com.kms.katalon.core.webui.keyword.WebUiBuiltInKeywords.verifyElementPresent(WebUiBuiltInKeywords.groovy:1448)
	at com.kms.katalon.core.webui.keyword.WebUiBuiltInKeywords$verifyElementPresent$4.call(Unknown Source)
	at TC_Apply_CESCOM.run(TC_Apply_CESCOM:40)
	at com.kms.katalon.core.main.ScriptEngine.run(ScriptEngine.java:194)
	at com.kms.katalon.core.main.ScriptEngine.runScriptAsRawText(ScriptEngine.java:119)
	at com.kms.katalon.core.main.TestCaseExecutor.runScript(TestCaseExecutor.java:445)
	at com.kms.katalon.core.main.TestCaseExecutor.doExecute(TestCaseExecutor.java:436)
	at com.kms.katalon.core.main.TestCaseExecutor.processExecutionPhase(TestCaseExecutor.java:415)
	at com.kms.katalon.core.main.TestCaseExecutor.accessMainPhase(TestCaseExecutor.java:407)
	at com.kms.katalon.core.main.TestCaseExecutor.execute(TestCaseExecutor.java:284)
	at com.kms.katalon.core.common.CommonExecutor.accessTestCaseMainPhase(CommonExecutor.java:65)
	at com.kms.katalon.core.main.TestSuiteExecutor.accessTestSuiteMainPhase(TestSuiteExecutor.java:144)
	at com.kms.katalon.core.main.TestSuiteExecutor.execute(TestSuiteExecutor.java:106)
	at com.kms.katalon.core.main.TestCaseMain.startTestSuite(TestCaseMain.java:185)
	at com.kms.katalon.core.main.TestCaseMain$startTestSuite$0.call(Unknown Source)
	at TempTestSuite1661319365526.run(TempTestSuite1661319365526.groovy:36)
)
[[ATTACHMENT|D:\\dhanraj\\Sprint02\\CESCOM\\Reports\\20220824_110605\\Cescom_LeaveRequest\\20220824_110605\\1661319406433.png]]

2022-08-24 11:06:46 - [TEST_STEP][PASSED] - click(findTestObject("Object Repository/TC_Apply_CESCOM/Page_HRMS/p")): Object: 'Object Repository/TC_Apply_CESCOM/Page_HRMS/p' is clicked on

2022-08-24 11:06:48 - [MESSAGE][PASSED] - Object: 'Object Repository/TC_Apply_CESCOM/Page_HRMS/p' is clicked on

2022-08-24 11:06:48 - [TEST_STEP][PASSED] - click(findTestObject("Object Repository/TC_Apply_CESCOM/Page_HRMS/input_Leave Calender_Leave Request")): Object: 'Object Repository/TC_Apply_CESCOM/Page_HRMS/input_Leave Calender_Leave Request' is clicked on

2022-08-24 11:06:55 - [MESSAGE][PASSED] - Object: 'Object Repository/TC_Apply_CESCOM/Page_HRMS/input_Leave Calender_Leave Request' is clicked on

2022-08-24 11:06:55 - [TEST_STEP][PASSED] - se2 = new org.openqa.selenium.support.ui.Select(driver.findElement(org.openqa.selenium.By.xpath(//*[@id="ddlLeaveType"]))): null

2022-08-24 11:06:56 - [TEST_STEP][PASSED] - b3 = leavetype: null

2022-08-24 11:06:56 - [TEST_STEP][PASSED] - se2.selectByVisibleText(b3): null

2022-08-24 11:06:56 - [TEST_STEP][PASSED] - setText(findTestObject("Object Repository/TC_Apply_CESCOM/Page_HRMS/Page_HRMS/input__Leave_Requested"), leavesrequired): Text '2' is set on object 'Object Repository/TC_Apply_CESCOM/Page_HRMS/Page_HRMS/input__Leave_Requested'

2022-08-24 11:06:59 - [MESSAGE][PASSED] - Text '2' is set on object 'Object Repository/TC_Apply_CESCOM/Page_HRMS/Page_HRMS/input__Leave_Requested'

2022-08-24 11:06:59 - [TEST_STEP][PASSED] - setText(findTestObject("Object Repository/TC_Apply_CESCOM/Page_HRMS/textarea__EmpComments"), reason): Text 'NA' is set on object 'Object Repository/TC_Apply_CESCOM/Page_HRMS/textarea__EmpComments'

2022-08-24 11:07:00 - [MESSAGE][PASSED] - Text 'NA' is set on object 'Object Repository/TC_Apply_CESCOM/Page_HRMS/textarea__EmpComments'

2022-08-24 11:07:00 - [TEST_STEP][PASSED] - se21 = new org.openqa.selenium.support.ui.Select(driver.findElement(org.openqa.selenium.By.xpath(//*[@id="ddlLeaveGround"]))): null

2022-08-24 11:07:01 - [TEST_STEP][PASSED] - b31 = leavegrounds: null

2022-08-24 11:07:01 - [TEST_STEP][PASSED] - se21.selectByVisibleText(b31): null

2022-08-24 11:07:01 - [TEST_STEP][PASSED] - click(findTestObject("Object Repository/TC_Apply_CESCOM/Page_HRMS/input__StartDate")): Object: 'Object Repository/TC_Apply_CESCOM/Page_HRMS/input__StartDate' is clicked on

2022-08-24 11:07:02 - [MESSAGE][PASSED] - Object: 'Object Repository/TC_Apply_CESCOM/Page_HRMS/input__StartDate' is clicked on

2022-08-24 11:07:02 - [TEST_STEP][PASSED] - monthYear = "August 2022": null

2022-08-24 11:07:02 - [TEST_STEP][PASSED] - date = startdate: null

2022-08-24 11:07:02 - [TEST_STEP][PASSED] - click(findTestObject("Object Repository/TC_Apply_CESCOM/DatePicker")): Object: 'Object Repository/TC_Apply_CESCOM/DatePicker' is clicked on

2022-08-24 11:07:02 - [MESSAGE][PASSED] - Object: 'Object Repository/TC_Apply_CESCOM/DatePicker' is clicked on

2022-08-24 11:07:02 - [TEST_STEP][PASSED] - for ([i = 1, i <= 12, (i++)]): null

2022-08-24 11:07:02 - [TEST_STEP][PASSED] - Mon = "(//span[@class='month'])[ " + i + "]": null

2022-08-24 11:07:02 - [TEST_STEP][PASSED] - to = new com.kms.katalon.core.testobject.TestObject(Object Repository/TC_Apply_CESCOM/DatePickerMonth): null

2022-08-24 11:07:02 - [TEST_STEP][PASSED] - to.addProperty("xpath", EQUALS, Mon): null

2022-08-24 11:07:02 - [TEST_STEP][PASSED] - aa = getText(to): Text of object 'Object Repository/TC_Apply_CESCOM/DatePickerMonth' is: 'Jan'

2022-08-24 11:07:03 - [MESSAGE][PASSED] - Text of object 'Object Repository/TC_Apply_CESCOM/DatePickerMonth' is: 'Jan'

2022-08-24 11:07:03 - [TEST_STEP][PASSED] - if (aa == Month1): null

2022-08-24 11:07:03 - [TEST_STEP][PASSED] - Mon = "(//span[@class='month'])[ " + i + "]": null

2022-08-24 11:07:03 - [TEST_STEP][PASSED] - to = new com.kms.katalon.core.testobject.TestObject(Object Repository/TC_Apply_CESCOM/DatePickerMonth): null

2022-08-24 11:07:03 - [TEST_STEP][PASSED] - to.addProperty("xpath", EQUALS, Mon): null

2022-08-24 11:07:03 - [TEST_STEP][PASSED] - aa = getText(to): Text of object 'Object Repository/TC_Apply_CESCOM/DatePickerMonth' is: 'Feb'

2022-08-24 11:07:04 - [MESSAGE][PASSED] - Text of object 'Object Repository/TC_Apply_CESCOM/DatePickerMonth' is: 'Feb'

2022-08-24 11:07:04 - [TEST_STEP][PASSED] - if (aa == Month1): null

2022-08-24 11:07:04 - [TEST_STEP][PASSED] - click(to): Object: 'Object Repository/TC_Apply_CESCOM/DatePickerMonth' is clicked on

2022-08-24 11:07:04 - [MESSAGE][PASSED] - Object: 'Object Repository/TC_Apply_CESCOM/DatePickerMonth' is clicked on

2022-08-24 11:07:04 - [TEST_STEP][PASSED] - date = "(//td[text()=" + date + "])[1]": null

2022-08-24 11:07:04 - [TEST_STEP][PASSED] - to1 = new com.kms.katalon.core.testobject.TestObject(Object Repository/TC_Apply_CESCOM/DatePickerDate): null

2022-08-24 11:07:04 - [TEST_STEP][PASSED] - to1.addProperty("xpath", EQUALS, date): null

2022-08-24 11:07:04 - [TEST_STEP][PASSED] - click(to1): Object: 'Object Repository/TC_Apply_CESCOM/DatePickerDate' is clicked on

2022-08-24 11:07:08 - [MESSAGE][PASSED] - Object: 'Object Repository/TC_Apply_CESCOM/DatePickerDate' is clicked on

2022-08-24 11:07:08 - [TEST_STEP][PASSED] - break: null

2022-08-24 11:07:08 - [TEST_STEP][PASSED] - click(findTestObject("Object Repository/TC_Apply_CESCOM/Page_HRMS/input__btnSave")): Object: 'Object Repository/TC_Apply_CESCOM/Page_HRMS/input__btnSave' is clicked on

2022-08-24 11:07:10 - [MESSAGE][PASSED] - Object: 'Object Repository/TC_Apply_CESCOM/Page_HRMS/input__btnSave' is clicked on

2022-08-24 11:07:10 - [TEST_STEP][FAILED] - acceptAlert(): Unable to accept alert (Root cause: com.kms.katalon.core.exception.StepFailedException: Unable to accept alert
	at com.kms.katalon.core.webui.keyword.internal.WebUIKeywordMain.stepFailed(WebUIKeywordMain.groovy:64)
	at com.kms.katalon.core.webui.keyword.internal.WebUIKeywordMain.runKeyword(WebUIKeywordMain.groovy:26)
	at com.kms.katalon.core.webui.keyword.builtin.AcceptAlertKeyword.acceptAlert(AcceptAlertKeyword.groovy:71)
	at com.kms.katalon.core.webui.keyword.builtin.AcceptAlertKeyword.execute(AcceptAlertKeyword.groovy:66)
	at com.kms.katalon.core.keyword.internal.KeywordExecutor.executeKeywordForPlatform(KeywordExecutor.groovy:74)
	at com.kms.katalon.core.webui.keyword.WebUiBuiltInKeywords.acceptAlert(WebUiBuiltInKeywords.groovy:1522)
	at com.kms.katalon.core.webui.keyword.WebUiBuiltInKeywords$acceptAlert$6.call(Unknown Source)
	at TC_Apply_CESCOM.run(TC_Apply_CESCOM:95)
	at com.kms.katalon.core.main.ScriptEngine.run(ScriptEngine.java:194)
	at com.kms.katalon.core.main.ScriptEngine.runScriptAsRawText(ScriptEngine.java:119)
	at com.kms.katalon.core.main.TestCaseExecutor.runScript(TestCaseExecutor.java:445)
	at com.kms.katalon.core.main.TestCaseExecutor.doExecute(TestCaseExecutor.java:436)
	at com.kms.katalon.core.main.TestCaseExecutor.processExecutionPhase(TestCaseExecutor.java:415)
	at com.kms.katalon.core.main.TestCaseExecutor.accessMainPhase(TestCaseExecutor.java:407)
	at com.kms.katalon.core.main.TestCaseExecutor.execute(TestCaseExecutor.java:284)
	at com.kms.katalon.core.common.CommonExecutor.accessTestCaseMainPhase(CommonExecutor.java:65)
	at com.kms.katalon.core.main.TestSuiteExecutor.accessTestSuiteMainPhase(TestSuiteExecutor.java:144)
	at com.kms.katalon.core.main.TestSuiteExecutor.execute(TestSuiteExecutor.java:106)
	at com.kms.katalon.core.main.TestCaseMain.startTestSuite(TestCaseMain.java:185)
	at com.kms.katalon.core.main.TestCaseMain$startTestSuite$0.call(Unknown Source)
	at TempTestSuite1661319365526.run(TempTestSuite1661319365526.groovy:36)
Caused by: com.kms.katalon.core.exception.StepFailedException: No alert found
	at com.kms.katalon.core.webui.keyword.internal.WebUIKeywordMain.stepFailed(WebUIKeywordMain.groovy:64)
	at com.kms.katalon.core.webui.keyword.builtin.AcceptAlertKeyword$_acceptAlert_closure1.doCall(AcceptAlertKeyword.groovy:78)
	at com.kms.katalon.core.webui.keyword.builtin.AcceptAlertKeyword$_acceptAlert_closure1.call(AcceptAlertKeyword.groovy)
	at com.kms.katalon.core.webui.keyword.internal.WebUIKeywordMain.runKeyword(WebUIKeywordMain.groovy:20)
	... 19 more
)

2022-08-24 11:07:10 - [MESSAGE][FAILED] - No alert found (Root cause: com.kms.katalon.core.exception.StepFailedException: No alert found
	at com.kms.katalon.core.webui.keyword.internal.WebUIKeywordMain.stepFailed(WebUIKeywordMain.groovy:64)
	at com.kms.katalon.core.webui.keyword.builtin.AcceptAlertKeyword$_acceptAlert_closure1.doCall(AcceptAlertKeyword.groovy:78)
	at com.kms.katalon.core.webui.keyword.builtin.AcceptAlertKeyword$_acceptAlert_closure1.call(AcceptAlertKeyword.groovy)
	at com.kms.katalon.core.webui.keyword.internal.WebUIKeywordMain.runKeyword(WebUIKeywordMain.groovy:20)
	at com.kms.katalon.core.webui.keyword.builtin.AcceptAlertKeyword.acceptAlert(AcceptAlertKeyword.groovy:71)
	at com.kms.katalon.core.webui.keyword.builtin.AcceptAlertKeyword.execute(AcceptAlertKeyword.groovy:66)
	at com.kms.katalon.core.keyword.internal.KeywordExecutor.executeKeywordForPlatform(KeywordExecutor.groovy:74)
	at com.kms.katalon.core.webui.keyword.WebUiBuiltInKeywords.acceptAlert(WebUiBuiltInKeywords.groovy:1522)
	at com.kms.katalon.core.webui.keyword.WebUiBuiltInKeywords$acceptAlert$6.call(Unknown Source)
	at TC_Apply_CESCOM.run(TC_Apply_CESCOM:95)
	at com.kms.katalon.core.main.ScriptEngine.run(ScriptEngine.java:194)
	at com.kms.katalon.core.main.ScriptEngine.runScriptAsRawText(ScriptEngine.java:119)
	at com.kms.katalon.core.main.TestCaseExecutor.runScript(TestCaseExecutor.java:445)
	at com.kms.katalon.core.main.TestCaseExecutor.doExecute(TestCaseExecutor.java:436)
	at com.kms.katalon.core.main.TestCaseExecutor.processExecutionPhase(TestCaseExecutor.java:415)
	at com.kms.katalon.core.main.TestCaseExecutor.accessMainPhase(TestCaseExecutor.java:407)
	at com.kms.katalon.core.main.TestCaseExecutor.execute(TestCaseExecutor.java:284)
	at com.kms.katalon.core.common.CommonExecutor.accessTestCaseMainPhase(CommonExecutor.java:65)
	at com.kms.katalon.core.main.TestSuiteExecutor.accessTestSuiteMainPhase(TestSuiteExecutor.java:144)
	at com.kms.katalon.core.main.TestSuiteExecutor.execute(TestSuiteExecutor.java:106)
	at com.kms.katalon.core.main.TestCaseMain.startTestSuite(TestCaseMain.java:185)
	at com.kms.katalon.core.main.TestCaseMain$startTestSuite$0.call(Unknown Source)
	at TempTestSuite1661319365526.run(TempTestSuite1661319365526.groovy:36)
)
[[ATTACHMENT|D:\\dhanraj\\Sprint02\\CESCOM\\Reports\\20220824_110605\\Cescom_LeaveRequest\\20220824_110605\\1661319430183.png]]

2022-08-24 11:07:10 - [MESSAGE][FAILED] - Unable to accept alert (Root cause: com.kms.katalon.core.exception.StepFailedException: Unable to accept alert
	at com.kms.katalon.core.webui.keyword.internal.WebUIKeywordMain.stepFailed(WebUIKeywordMain.groovy:64)
	at com.kms.katalon.core.webui.keyword.internal.WebUIKeywordMain.runKeyword(WebUIKeywordMain.groovy:26)
	at com.kms.katalon.core.webui.keyword.builtin.AcceptAlertKeyword.acceptAlert(AcceptAlertKeyword.groovy:71)
	at com.kms.katalon.core.webui.keyword.builtin.AcceptAlertKeyword.execute(AcceptAlertKeyword.groovy:66)
	at com.kms.katalon.core.keyword.internal.KeywordExecutor.executeKeywordForPlatform(KeywordExecutor.groovy:74)
	at com.kms.katalon.core.webui.keyword.WebUiBuiltInKeywords.acceptAlert(WebUiBuiltInKeywords.groovy:1522)
	at com.kms.katalon.core.webui.keyword.WebUiBuiltInKeywords$acceptAlert$6.call(Unknown Source)
	at TC_Apply_CESCOM.run(TC_Apply_CESCOM:95)
	at com.kms.katalon.core.main.ScriptEngine.run(ScriptEngine.java:194)
	at com.kms.katalon.core.main.ScriptEngine.runScriptAsRawText(ScriptEngine.java:119)
	at com.kms.katalon.core.main.TestCaseExecutor.runScript(TestCaseExecutor.java:445)
	at com.kms.katalon.core.main.TestCaseExecutor.doExecute(TestCaseExecutor.java:436)
	at com.kms.katalon.core.main.TestCaseExecutor.processExecutionPhase(TestCaseExecutor.java:415)
	at com.kms.katalon.core.main.TestCaseExecutor.accessMainPhase(TestCaseExecutor.java:407)
	at com.kms.katalon.core.main.TestCaseExecutor.execute(TestCaseExecutor.java:284)
	at com.kms.katalon.core.common.CommonExecutor.accessTestCaseMainPhase(CommonExecutor.java:65)
	at com.kms.katalon.core.main.TestSuiteExecutor.accessTestSuiteMainPhase(TestSuiteExecutor.java:144)
	at com.kms.katalon.core.main.TestSuiteExecutor.execute(TestSuiteExecutor.java:106)
	at com.kms.katalon.core.main.TestCaseMain.startTestSuite(TestCaseMain.java:185)
	at com.kms.katalon.core.main.TestCaseMain$startTestSuite$0.call(Unknown Source)
	at TempTestSuite1661319365526.run(TempTestSuite1661319365526.groovy:36)
Caused by: com.kms.katalon.core.exception.StepFailedException: No alert found
	at com.kms.katalon.core.webui.keyword.internal.WebUIKeywordMain.stepFailed(WebUIKeywordMain.groovy:64)
	at com.kms.katalon.core.webui.keyword.builtin.AcceptAlertKeyword$_acceptAlert_closure1.doCall(AcceptAlertKeyword.groovy:78)
	at com.kms.katalon.core.webui.keyword.builtin.AcceptAlertKeyword$_acceptAlert_closure1.call(AcceptAlertKeyword.groovy)
	at com.kms.katalon.core.webui.keyword.internal.WebUIKeywordMain.runKeyword(WebUIKeywordMain.groovy:20)
	... 19 more
)
[[ATTACHMENT|D:\\dhanraj\\Sprint02\\CESCOM\\Reports\\20220824_110605\\Cescom_LeaveRequest\\20220824_110605\\1661319430416.png]]]]></system-out>
         <system-err><![CDATA[2022-08-24 11:06:16 - [TEST_CASE][FAILED] - Test Cases/TC_Apply_CESCOM: Test Cases/TC_Apply_CESCOM FAILED.
Reason:
com.kms.katalon.core.exception.StepFailedException: Unable to accept alert
	at com.kms.katalon.core.webui.keyword.internal.WebUIKeywordMain.stepFailed(WebUIKeywordMain.groovy:64)
	at com.kms.katalon.core.webui.keyword.internal.WebUIKeywordMain.runKeyword(WebUIKeywordMain.groovy:26)
	at com.kms.katalon.core.webui.keyword.builtin.AcceptAlertKeyword.acceptAlert(AcceptAlertKeyword.groovy:71)
	at com.kms.katalon.core.webui.keyword.builtin.AcceptAlertKeyword.execute(AcceptAlertKeyword.groovy:66)
	at com.kms.katalon.core.keyword.internal.KeywordExecutor.executeKeywordForPlatform(KeywordExecutor.groovy:74)
	at com.kms.katalon.core.webui.keyword.WebUiBuiltInKeywords.acceptAlert(WebUiBuiltInKeywords.groovy:1522)
	at com.kms.katalon.core.webui.keyword.WebUiBuiltInKeywords$acceptAlert$6.call(Unknown Source)
	at TC_Apply_CESCOM.run(TC_Apply_CESCOM:95)
	at com.kms.katalon.core.main.ScriptEngine.run(ScriptEngine.java:194)
	at com.kms.katalon.core.main.ScriptEngine.runScriptAsRawText(ScriptEngine.java:119)
	at com.kms.katalon.core.main.TestCaseExecutor.runScript(TestCaseExecutor.java:445)
	at com.kms.katalon.core.main.TestCaseExecutor.doExecute(TestCaseExecutor.java:436)
	at com.kms.katalon.core.main.TestCaseExecutor.processExecutionPhase(TestCaseExecutor.java:415)
	at com.kms.katalon.core.main.TestCaseExecutor.accessMainPhase(TestCaseExecutor.java:407)
	at com.kms.katalon.core.main.TestCaseExecutor.execute(TestCaseExecutor.java:284)
	at com.kms.katalon.core.common.CommonExecutor.accessTestCaseMainPhase(CommonExecutor.java:65)
	at com.kms.katalon.core.main.TestSuiteExecutor.accessTestSuiteMainPhase(TestSuiteExecutor.java:144)
	at com.kms.katalon.core.main.TestSuiteExecutor.execute(TestSuiteExecutor.java:106)
	at com.kms.katalon.core.main.TestCaseMain.startTestSuite(TestCaseMain.java:185)
	at com.kms.katalon.core.main.TestCaseMain$startTestSuite$0.call(Unknown Source)
	at TempTestSuite1661319365526.run(TempTestSuite1661319365526.groovy:36)
Caused by: com.kms.katalon.core.exception.StepFailedException: No alert found
	at com.kms.katalon.core.webui.keyword.internal.WebUIKeywordMain.stepFailed(WebUIKeywordMain.groovy:64)
	at com.kms.katalon.core.webui.keyword.builtin.AcceptAlertKeyword$_acceptAlert_closure1.doCall(AcceptAlertKeyword.groovy:78)
	at com.kms.katalon.core.webui.keyword.builtin.AcceptAlertKeyword$_acceptAlert_closure1.call(AcceptAlertKeyword.groovy)
	at com.kms.katalon.core.webui.keyword.internal.WebUIKeywordMain.runKeyword(WebUIKeywordMain.groovy:20)
	... 19 more]]></system-err>
      </testcase>
      <testcase name="Test Cases/TC_Approval_CESCOM" time="27.301" classname="Test Cases/TC_Approval_CESCOM" status="FAILED">
         <failure type="FAILED" message="Test Cases/TC_Approval_CESCOM FAILED.
Reason:
com.kms.katalon.core.exception.StepFailedException: Unable to click on object
	at com.kms.katalon.core.webui.keyword.internal.WebUIKeywordMain.stepFailed(WebUIKeywordMain.groovy:64)
	at com.kms.katalon.core.webui.keyword.internal.WebUIKeywordMain.runKeyword(WebUIKeywordMain.groovy:26)
	at com.kms.katalon.core.webui.keyword.builtin.ClickKeyword.click(ClickKeyword.groovy:74)
	at com.kms.katalon.core.webui.keyword.builtin.ClickKeyword.execute(ClickKeyword.groovy:40)
	at com.kms.katalon.core.keyword.internal.KeywordExecutor.executeKeywordForPlatform(KeywordExecutor.groovy:74)
	at com.kms.katalon.core.webui.keyword.WebUiBuiltInKeywords.click(WebUiBuiltInKeywords.groovy:620)
	at com.kms.katalon.core.webui.keyword.WebUiBuiltInKeywords$click$3.call(Unknown Source)
	at TC_Approval_CESCOM.run(TC_Approval_CESCOM:47)
	at com.kms.katalon.core.main.ScriptEngine.run(ScriptEngine.java:194)
	at com.kms.katalon.core.main.ScriptEngine.runScriptAsRawText(ScriptEngine.java:119)
	at com.kms.katalon.core.main.TestCaseExecutor.runScript(TestCaseExecutor.java:445)
	at com.kms.katalon.core.main.TestCaseExecutor.doExecute(TestCaseExecutor.java:436)
	at com.kms.katalon.core.main.TestCaseExecutor.processExecutionPhase(TestCaseExecutor.java:415)
	at com.kms.katalon.core.main.TestCaseExecutor.accessMainPhase(TestCaseExecutor.java:407)
	at com.kms.katalon.core.main.TestCaseExecutor.execute(TestCaseExecutor.java:284)
	at com.kms.katalon.core.common.CommonExecutor.accessTestCaseMainPhase(CommonExecutor.java:65)
	at com.kms.katalon.core.main.TestSuiteExecutor.accessTestSuiteMainPhase(TestSuiteExecutor.java:144)
	at com.kms.katalon.core.main.TestSuiteExecutor.execute(TestSuiteExecutor.java:106)
	at com.kms.katalon.core.main.TestCaseMain.startTestSuite(TestCaseMain.java:185)
	at com.kms.katalon.core.main.TestCaseMain$startTestSuite$0.call(Unknown Source)
	at TempTestSuite1661319365526.run(TempTestSuite1661319365526.groovy:36)
Caused by: java.lang.IllegalArgumentException: Object is null
	at com.kms.katalon.core.helper.KeywordHelper.checkTestObjectParameter(KeywordHelper.java:33)
	at com.kms.katalon.core.webui.keyword.builtin.ClickKeyword$_click_closure1.doCall(ClickKeyword.groovy:62)
	at com.kms.katalon.core.webui.keyword.builtin.ClickKeyword$_click_closure1.call(ClickKeyword.groovy)
	at com.kms.katalon.core.webui.keyword.internal.WebUIKeywordMain.runKeyword(WebUIKeywordMain.groovy:20)
	... 19 more
"/>
         <system-out><![CDATA[2022-08-24 11:07:10 - [TEST_CASE][FAILED] - Test Cases/TC_Approval_CESCOM: Test Cases/TC_Approval_CESCOM FAILED.
Reason:
com.kms.katalon.core.exception.StepFailedException: Unable to click on object
	at com.kms.katalon.core.webui.keyword.internal.WebUIKeywordMain.stepFailed(WebUIKeywordMain.groovy:64)
	at com.kms.katalon.core.webui.keyword.internal.WebUIKeywordMain.runKeyword(WebUIKeywordMain.groovy:26)
	at com.kms.katalon.core.webui.keyword.builtin.ClickKeyword.click(ClickKeyword.groovy:74)
	at com.kms.katalon.core.webui.keyword.builtin.ClickKeyword.execute(ClickKeyword.groovy:40)
	at com.kms.katalon.core.keyword.internal.KeywordExecutor.executeKeywordForPlatform(KeywordExecutor.groovy:74)
	at com.kms.katalon.core.webui.keyword.WebUiBuiltInKeywords.click(WebUiBuiltInKeywords.groovy:620)
	at com.kms.katalon.core.webui.keyword.WebUiBuiltInKeywords$click$3.call(Unknown Source)
	at TC_Approval_CESCOM.run(TC_Approval_CESCOM:47)
	at com.kms.katalon.core.main.ScriptEngine.run(ScriptEngine.java:194)
	at com.kms.katalon.core.main.ScriptEngine.runScriptAsRawText(ScriptEngine.java:119)
	at com.kms.katalon.core.main.TestCaseExecutor.runScript(TestCaseExecutor.java:445)
	at com.kms.katalon.core.main.TestCaseExecutor.doExecute(TestCaseExecutor.java:436)
	at com.kms.katalon.core.main.TestCaseExecutor.processExecutionPhase(TestCaseExecutor.java:415)
	at com.kms.katalon.core.main.TestCaseExecutor.accessMainPhase(TestCaseExecutor.java:407)
	at com.kms.katalon.core.main.TestCaseExecutor.execute(TestCaseExecutor.java:284)
	at com.kms.katalon.core.common.CommonExecutor.accessTestCaseMainPhase(CommonExecutor.java:65)
	at com.kms.katalon.core.main.TestSuiteExecutor.accessTestSuiteMainPhase(TestSuiteExecutor.java:144)
	at com.kms.katalon.core.main.TestSuiteExecutor.execute(TestSuiteExecutor.java:106)
	at com.kms.katalon.core.main.TestCaseMain.startTestSuite(TestCaseMain.java:185)
	at com.kms.katalon.core.main.TestCaseMain$startTestSuite$0.call(Unknown Source)
	at TempTestSuite1661319365526.run(TempTestSuite1661319365526.groovy:36)
Caused by: java.lang.IllegalArgumentException: Object is null
	at com.kms.katalon.core.helper.KeywordHelper.checkTestObjectParameter(KeywordHelper.java:33)
	at com.kms.katalon.core.webui.keyword.builtin.ClickKeyword$_click_closure1.doCall(ClickKeyword.groovy:62)
	at com.kms.katalon.core.webui.keyword.builtin.ClickKeyword$_click_closure1.call(ClickKeyword.groovy)
	at com.kms.katalon.core.webui.keyword.internal.WebUIKeywordMain.runKeyword(WebUIKeywordMain.groovy:20)
	... 19 more


2022-08-24 11:07:11 - [TEST_STEP][PASSED] - openBrowser(""): Browser is opened with url: ''

2022-08-24 11:07:11 - [MESSAGE][WARNING] - A browser is already opened. Closing browser and opening a new one

2022-08-24 11:07:12 - [MESSAGE][INFO] - Starting 'Chrome' driver

2022-08-24 11:07:12 - [MESSAGE][INFO] - Action delay is set to 0 milliseconds

2022-08-24 11:07:13 - [MESSAGE][PASSED] - Browser is opened with url: ''

2022-08-24 11:07:13 - [TEST_STEP][PASSED] - driver = getWebDriver(): null

2022-08-24 11:07:13 - [TEST_STEP][PASSED] - navigateToUrl(url): Navigate to 'http://192.168.6.18:1992/' successfully

2022-08-24 11:07:13 - [MESSAGE][PASSED] - Navigate to 'http://192.168.6.18:1992/' successfully

2022-08-24 11:07:13 - [TEST_STEP][PASSED] - maximizeWindow(): Current window maximized

2022-08-24 11:07:14 - [MESSAGE][PASSED] - Current window maximized

2022-08-24 11:07:14 - [TEST_STEP][PASSED] - setText(findTestObject("Object Repository/TC_Approval_CESCOM/Page_HRMS/input_Login to HRMS_UserName"), username): Text '000568' is set on object 'Object Repository/TC_Approval_CESCOM/Page_HRMS/input_Login to HRMS_UserName'

2022-08-24 11:07:15 - [MESSAGE][PASSED] - Text '000568' is set on object 'Object Repository/TC_Approval_CESCOM/Page_HRMS/input_Login to HRMS_UserName'

2022-08-24 11:07:15 - [TEST_STEP][PASSED] - setText(findTestObject("Object Repository/TC_Approval_CESCOM/Page_HRMS/input_Login to HRMS_Password"), password): Text 'Admin123+' is set on object 'Object Repository/TC_Approval_CESCOM/Page_HRMS/input_Login to HRMS_Password'

2022-08-24 11:07:15 - [MESSAGE][PASSED] - Text 'Admin123+' is set on object 'Object Repository/TC_Approval_CESCOM/Page_HRMS/input_Login to HRMS_Password'

2022-08-24 11:07:15 - [TEST_STEP][PASSED] - a = Integer.parseInt(xpath("/html/body/div/div[1]/div[2]/div[2]/div/div/form/label/div/span[1]")).getText()): null

2022-08-24 11:07:16 - [TEST_STEP][PASSED] - b = Integer.parseInt(xpath("/html/body/div/div[1]/div[2]/div[2]/div/div/form/label/div/span[2]")).getText()): null

2022-08-24 11:07:16 - [TEST_STEP][PASSED] - output = String.valueOf(a + b): null

2022-08-24 11:07:16 - [TEST_STEP][PASSED] - className("submit__input")).sendKeys(output): null

2022-08-24 11:07:16 - [TEST_STEP][PASSED] - click(findTestObject("Object Repository/TC_Approval_CESCOM/Page_HRMS/input__BtnLogin")): Object: 'Object Repository/TC_Approval_CESCOM/Page_HRMS/input__BtnLogin' is clicked on

2022-08-24 11:07:23 - [MESSAGE][PASSED] - Object: 'Object Repository/TC_Approval_CESCOM/Page_HRMS/input__BtnLogin' is clicked on

2022-08-24 11:07:23 - [TEST_STEP][PASSED] - click(findTestObject("Object Repository/TC_Approval_CESCOM/Page_HRMS/p")): Object: 'Object Repository/TC_Approval_CESCOM/Page_HRMS/p' is clicked on

2022-08-24 11:07:34 - [MESSAGE][PASSED] - Object: 'Object Repository/TC_Approval_CESCOM/Page_HRMS/p' is clicked on

2022-08-24 11:07:34 - [TEST_STEP][PASSED] - se2 = new org.openqa.selenium.support.ui.Select(driver.findElement(org.openqa.selenium.By.xpath(//*[@id="ddlSubject"]))): null

2022-08-24 11:07:35 - [TEST_STEP][PASSED] - b3 = Subject: null

2022-08-24 11:07:35 - [TEST_STEP][PASSED] - se2.selectByVisibleText(b3): null

2022-08-24 11:07:36 - [TEST_STEP][PASSED] - sendKeys(findTestObject("Object Repository/TC_Approval_CESCOM/Page_HRMS/Page_HRMS/Search_Box_Approval"), Search_Box): Keys 'Leave Request (CO)  000570 28' sent to object: 'Object Repository/TC_Approval_CESCOM/Page_HRMS/Page_HRMS/Search_Box_Approval'

2022-08-24 11:07:37 - [MESSAGE][PASSED] - Keys 'Leave Request (CO)  000570 28' sent to object: 'Object Repository/TC_Approval_CESCOM/Page_HRMS/Page_HRMS/Search_Box_Approval'

2022-08-24 11:07:37 - [TEST_STEP][FAILED] - click(findTestObject("Approval/Page_HRMS/approver")): Unable to click on object (Root cause: com.kms.katalon.core.exception.StepFailedException: Unable to click on object
	at com.kms.katalon.core.webui.keyword.internal.WebUIKeywordMain.stepFailed(WebUIKeywordMain.groovy:64)
	at com.kms.katalon.core.webui.keyword.internal.WebUIKeywordMain.runKeyword(WebUIKeywordMain.groovy:26)
	at com.kms.katalon.core.webui.keyword.builtin.ClickKeyword.click(ClickKeyword.groovy:74)
	at com.kms.katalon.core.webui.keyword.builtin.ClickKeyword.execute(ClickKeyword.groovy:40)
	at com.kms.katalon.core.keyword.internal.KeywordExecutor.executeKeywordForPlatform(KeywordExecutor.groovy:74)
	at com.kms.katalon.core.webui.keyword.WebUiBuiltInKeywords.click(WebUiBuiltInKeywords.groovy:620)
	at com.kms.katalon.core.webui.keyword.WebUiBuiltInKeywords$click$3.call(Unknown Source)
	at TC_Approval_CESCOM.run(TC_Approval_CESCOM:47)
	at com.kms.katalon.core.main.ScriptEngine.run(ScriptEngine.java:194)
	at com.kms.katalon.core.main.ScriptEngine.runScriptAsRawText(ScriptEngine.java:119)
	at com.kms.katalon.core.main.TestCaseExecutor.runScript(TestCaseExecutor.java:445)
	at com.kms.katalon.core.main.TestCaseExecutor.doExecute(TestCaseExecutor.java:436)
	at com.kms.katalon.core.main.TestCaseExecutor.processExecutionPhase(TestCaseExecutor.java:415)
	at com.kms.katalon.core.main.TestCaseExecutor.accessMainPhase(TestCaseExecutor.java:407)
	at com.kms.katalon.core.main.TestCaseExecutor.execute(TestCaseExecutor.java:284)
	at com.kms.katalon.core.common.CommonExecutor.accessTestCaseMainPhase(CommonExecutor.java:65)
	at com.kms.katalon.core.main.TestSuiteExecutor.accessTestSuiteMainPhase(TestSuiteExecutor.java:144)
	at com.kms.katalon.core.main.TestSuiteExecutor.execute(TestSuiteExecutor.java:106)
	at com.kms.katalon.core.main.TestCaseMain.startTestSuite(TestCaseMain.java:185)
	at com.kms.katalon.core.main.TestCaseMain$startTestSuite$0.call(Unknown Source)
	at TempTestSuite1661319365526.run(TempTestSuite1661319365526.groovy:36)
Caused by: java.lang.IllegalArgumentException: Object is null
	at com.kms.katalon.core.helper.KeywordHelper.checkTestObjectParameter(KeywordHelper.java:33)
	at com.kms.katalon.core.webui.keyword.builtin.ClickKeyword$_click_closure1.doCall(ClickKeyword.groovy:62)
	at com.kms.katalon.core.webui.keyword.builtin.ClickKeyword$_click_closure1.call(ClickKeyword.groovy)
	at com.kms.katalon.core.webui.keyword.internal.WebUIKeywordMain.runKeyword(WebUIKeywordMain.groovy:20)
	at com.kms.katalon.core.webui.keyword.builtin.ClickKeyword.click(ClickKeyword.groovy:74)
	at com.kms.katalon.core.webui.keyword.builtin.ClickKeyword.execute(ClickKeyword.groovy:40)
	at com.kms.katalon.core.keyword.internal.KeywordExecutor.executeKeywordForPlatform(KeywordExecutor.groovy:74)
	at com.kms.katalon.core.webui.keyword.WebUiBuiltInKeywords.click(WebUiBuiltInKeywords.groovy:620)
	at com.kms.katalon.core.webui.keyword.WebUiBuiltInKeywords$click$3.call(Unknown Source)
	at Script1661254636201.run(Script1661254636201.groovy:47)
	... 13 more
)

2022-08-24 11:07:37 - [MESSAGE][WARNING] - Test object with id 'Object Repository/Approval/Page_HRMS/approver' does not exist

2022-08-24 11:07:37 - [MESSAGE][WARNING] - Test object with id 'Object Repository/' does not exist

2022-08-24 11:07:38 - [MESSAGE][FAILED] - Unable to click on object (Root cause: com.kms.katalon.core.exception.StepFailedException: Unable to click on object
	at com.kms.katalon.core.webui.keyword.internal.WebUIKeywordMain.stepFailed(WebUIKeywordMain.groovy:64)
	at com.kms.katalon.core.webui.keyword.internal.WebUIKeywordMain.runKeyword(WebUIKeywordMain.groovy:26)
	at com.kms.katalon.core.webui.keyword.builtin.ClickKeyword.click(ClickKeyword.groovy:74)
	at com.kms.katalon.core.webui.keyword.builtin.ClickKeyword.execute(ClickKeyword.groovy:40)
	at com.kms.katalon.core.keyword.internal.KeywordExecutor.executeKeywordForPlatform(KeywordExecutor.groovy:74)
	at com.kms.katalon.core.webui.keyword.WebUiBuiltInKeywords.click(WebUiBuiltInKeywords.groovy:620)
	at com.kms.katalon.core.webui.keyword.WebUiBuiltInKeywords$click$3.call(Unknown Source)
	at TC_Approval_CESCOM.run(TC_Approval_CESCOM:47)
	at com.kms.katalon.core.main.ScriptEngine.run(ScriptEngine.java:194)
	at com.kms.katalon.core.main.ScriptEngine.runScriptAsRawText(ScriptEngine.java:119)
	at com.kms.katalon.core.main.TestCaseExecutor.runScript(TestCaseExecutor.java:445)
	at com.kms.katalon.core.main.TestCaseExecutor.doExecute(TestCaseExecutor.java:436)
	at com.kms.katalon.core.main.TestCaseExecutor.processExecutionPhase(TestCaseExecutor.java:415)
	at com.kms.katalon.core.main.TestCaseExecutor.accessMainPhase(TestCaseExecutor.java:407)
	at com.kms.katalon.core.main.TestCaseExecutor.execute(TestCaseExecutor.java:284)
	at com.kms.katalon.core.common.CommonExecutor.accessTestCaseMainPhase(CommonExecutor.java:65)
	at com.kms.katalon.core.main.TestSuiteExecutor.accessTestSuiteMainPhase(TestSuiteExecutor.java:144)
	at com.kms.katalon.core.main.TestSuiteExecutor.execute(TestSuiteExecutor.java:106)
	at com.kms.katalon.core.main.TestCaseMain.startTestSuite(TestCaseMain.java:185)
	at com.kms.katalon.core.main.TestCaseMain$startTestSuite$0.call(Unknown Source)
	at TempTestSuite1661319365526.run(TempTestSuite1661319365526.groovy:36)
Caused by: java.lang.IllegalArgumentException: Object is null
	at com.kms.katalon.core.helper.KeywordHelper.checkTestObjectParameter(KeywordHelper.java:33)
	at com.kms.katalon.core.webui.keyword.builtin.ClickKeyword$_click_closure1.doCall(ClickKeyword.groovy:62)
	at com.kms.katalon.core.webui.keyword.builtin.ClickKeyword$_click_closure1.call(ClickKeyword.groovy)
	at com.kms.katalon.core.webui.keyword.internal.WebUIKeywordMain.runKeyword(WebUIKeywordMain.groovy:20)
	at com.kms.katalon.core.webui.keyword.builtin.ClickKeyword.click(ClickKeyword.groovy:74)
	at com.kms.katalon.core.webui.keyword.builtin.ClickKeyword.execute(ClickKeyword.groovy:40)
	at com.kms.katalon.core.keyword.internal.KeywordExecutor.executeKeywordForPlatform(KeywordExecutor.groovy:74)
	at com.kms.katalon.core.webui.keyword.WebUiBuiltInKeywords.click(WebUiBuiltInKeywords.groovy:620)
	at com.kms.katalon.core.webui.keyword.WebUiBuiltInKeywords$click$3.call(Unknown Source)
	at Script1661254636201.run(Script1661254636201.groovy:47)
	... 13 more
)
[[ATTACHMENT|D:\\dhanraj\\Sprint02\\CESCOM\\Reports\\20220824_110605\\Cescom_LeaveRequest\\20220824_110605\\1661319457750.png]]]]></system-out>
         <system-err><![CDATA[2022-08-24 11:07:10 - [TEST_CASE][FAILED] - Test Cases/TC_Approval_CESCOM: Test Cases/TC_Approval_CESCOM FAILED.
Reason:
com.kms.katalon.core.exception.StepFailedException: Unable to click on object
	at com.kms.katalon.core.webui.keyword.internal.WebUIKeywordMain.stepFailed(WebUIKeywordMain.groovy:64)
	at com.kms.katalon.core.webui.keyword.internal.WebUIKeywordMain.runKeyword(WebUIKeywordMain.groovy:26)
	at com.kms.katalon.core.webui.keyword.builtin.ClickKeyword.click(ClickKeyword.groovy:74)
	at com.kms.katalon.core.webui.keyword.builtin.ClickKeyword.execute(ClickKeyword.groovy:40)
	at com.kms.katalon.core.keyword.internal.KeywordExecutor.executeKeywordForPlatform(KeywordExecutor.groovy:74)
	at com.kms.katalon.core.webui.keyword.WebUiBuiltInKeywords.click(WebUiBuiltInKeywords.groovy:620)
	at com.kms.katalon.core.webui.keyword.WebUiBuiltInKeywords$click$3.call(Unknown Source)
	at TC_Approval_CESCOM.run(TC_Approval_CESCOM:47)
	at com.kms.katalon.core.main.ScriptEngine.run(ScriptEngine.java:194)
	at com.kms.katalon.core.main.ScriptEngine.runScriptAsRawText(ScriptEngine.java:119)
	at com.kms.katalon.core.main.TestCaseExecutor.runScript(TestCaseExecutor.java:445)
	at com.kms.katalon.core.main.TestCaseExecutor.doExecute(TestCaseExecutor.java:436)
	at com.kms.katalon.core.main.TestCaseExecutor.processExecutionPhase(TestCaseExecutor.java:415)
	at com.kms.katalon.core.main.TestCaseExecutor.accessMainPhase(TestCaseExecutor.java:407)
	at com.kms.katalon.core.main.TestCaseExecutor.execute(TestCaseExecutor.java:284)
	at com.kms.katalon.core.common.CommonExecutor.accessTestCaseMainPhase(CommonExecutor.java:65)
	at com.kms.katalon.core.main.TestSuiteExecutor.accessTestSuiteMainPhase(TestSuiteExecutor.java:144)
	at com.kms.katalon.core.main.TestSuiteExecutor.execute(TestSuiteExecutor.java:106)
	at com.kms.katalon.core.main.TestCaseMain.startTestSuite(TestCaseMain.java:185)
	at com.kms.katalon.core.main.TestCaseMain$startTestSuite$0.call(Unknown Source)
	at TempTestSuite1661319365526.run(TempTestSuite1661319365526.groovy:36)
Caused by: java.lang.IllegalArgumentException: Object is null
	at com.kms.katalon.core.helper.KeywordHelper.checkTestObjectParameter(KeywordHelper.java:33)
	at com.kms.katalon.core.webui.keyword.builtin.ClickKeyword$_click_closure1.doCall(ClickKeyword.groovy:62)
	at com.kms.katalon.core.webui.keyword.builtin.ClickKeyword$_click_closure1.call(ClickKeyword.groovy)
	at com.kms.katalon.core.webui.keyword.internal.WebUIKeywordMain.runKeyword(WebUIKeywordMain.groovy:20)
	... 19 more]]></system-err>
      </testcase>
      <system-out><![CDATA[2022-08-24 11:06:16 - [TEST_SUITE][FAILED] - Cescom_LeaveRequest: Test Cases/TC_Apply_CESCOM FAILED.
Reason:
com.kms.katalon.core.exception.StepFailedException: Unable to accept alert
	at com.kms.katalon.core.webui.keyword.internal.WebUIKeywordMain.stepFailed(WebUIKeywordMain.groovy:64)
	at com.kms.katalon.core.webui.keyword.internal.WebUIKeywordMain.runKeyword(WebUIKeywordMain.groovy:26)
	at com.kms.katalon.core.webui.keyword.builtin.AcceptAlertKeyword.acceptAlert(AcceptAlertKeyword.groovy:71)
	at com.kms.katalon.core.webui.keyword.builtin.AcceptAlertKeyword.execute(AcceptAlertKeyword.groovy:66)
	at com.kms.katalon.core.keyword.internal.KeywordExecutor.executeKeywordForPlatform(KeywordExecutor.groovy:74)
	at com.kms.katalon.core.webui.keyword.WebUiBuiltInKeywords.acceptAlert(WebUiBuiltInKeywords.groovy:1522)
	at com.kms.katalon.core.webui.keyword.WebUiBuiltInKeywords$acceptAlert$6.call(Unknown Source)
	at TC_Apply_CESCOM.run(TC_Apply_CESCOM:95)
	at com.kms.katalon.core.main.ScriptEngine.run(ScriptEngine.java:194)
	at com.kms.katalon.core.main.ScriptEngine.runScriptAsRawText(ScriptEngine.java:119)
	at com.kms.katalon.core.main.TestCaseExecutor.runScript(TestCaseExecutor.java:445)
	at com.kms.katalon.core.main.TestCaseExecutor.doExecute(TestCaseExecutor.java:436)
	at com.kms.katalon.core.main.TestCaseExecutor.processExecutionPhase(TestCaseExecutor.java:415)
	at com.kms.katalon.core.main.TestCaseExecutor.accessMainPhase(TestCaseExecutor.java:407)
	at com.kms.katalon.core.main.TestCaseExecutor.execute(TestCaseExecutor.java:284)
	at com.kms.katalon.core.common.CommonExecutor.accessTestCaseMainPhase(CommonExecutor.java:65)
	at com.kms.katalon.core.main.TestSuiteExecutor.accessTestSuiteMainPhase(TestSuiteExecutor.java:144)
	at com.kms.katalon.core.main.TestSuiteExecutor.execute(TestSuiteExecutor.java:106)
	at com.kms.katalon.core.main.TestCaseMain.startTestSuite(TestCaseMain.java:185)
	at com.kms.katalon.core.main.TestCaseMain$startTestSuite$0.call(Unknown Source)
	at TempTestSuite1661319365526.run(TempTestSuite1661319365526.groovy:36)
Caused by: com.kms.katalon.core.exception.StepFailedException: No alert found
	at com.kms.katalon.core.webui.keyword.internal.WebUIKeywordMain.stepFailed(WebUIKeywordMain.groovy:64)
	at com.kms.katalon.core.webui.keyword.builtin.AcceptAlertKeyword$_acceptAlert_closure1.doCall(AcceptAlertKeyword.groovy:78)
	at com.kms.katalon.core.webui.keyword.builtin.AcceptAlertKeyword$_acceptAlert_closure1.call(AcceptAlertKeyword.groovy)
	at com.kms.katalon.core.webui.keyword.internal.WebUIKeywordMain.runKeyword(WebUIKeywordMain.groovy:20)
	... 19 more]]></system-out>
      <system-err><![CDATA[2022-08-24 11:06:16 - [TEST_SUITE][FAILED] - Cescom_LeaveRequest: Test Cases/TC_Apply_CESCOM FAILED.
Reason:
com.kms.katalon.core.exception.StepFailedException: Unable to accept alert
	at com.kms.katalon.core.webui.keyword.internal.WebUIKeywordMain.stepFailed(WebUIKeywordMain.groovy:64)
	at com.kms.katalon.core.webui.keyword.internal.WebUIKeywordMain.runKeyword(WebUIKeywordMain.groovy:26)
	at com.kms.katalon.core.webui.keyword.builtin.AcceptAlertKeyword.acceptAlert(AcceptAlertKeyword.groovy:71)
	at com.kms.katalon.core.webui.keyword.builtin.AcceptAlertKeyword.execute(AcceptAlertKeyword.groovy:66)
	at com.kms.katalon.core.keyword.internal.KeywordExecutor.executeKeywordForPlatform(KeywordExecutor.groovy:74)
	at com.kms.katalon.core.webui.keyword.WebUiBuiltInKeywords.acceptAlert(WebUiBuiltInKeywords.groovy:1522)
	at com.kms.katalon.core.webui.keyword.WebUiBuiltInKeywords$acceptAlert$6.call(Unknown Source)
	at TC_Apply_CESCOM.run(TC_Apply_CESCOM:95)
	at com.kms.katalon.core.main.ScriptEngine.run(ScriptEngine.java:194)
	at com.kms.katalon.core.main.ScriptEngine.runScriptAsRawText(ScriptEngine.java:119)
	at com.kms.katalon.core.main.TestCaseExecutor.runScript(TestCaseExecutor.java:445)
	at com.kms.katalon.core.main.TestCaseExecutor.doExecute(TestCaseExecutor.java:436)
	at com.kms.katalon.core.main.TestCaseExecutor.processExecutionPhase(TestCaseExecutor.java:415)
	at com.kms.katalon.core.main.TestCaseExecutor.accessMainPhase(TestCaseExecutor.java:407)
	at com.kms.katalon.core.main.TestCaseExecutor.execute(TestCaseExecutor.java:284)
	at com.kms.katalon.core.common.CommonExecutor.accessTestCaseMainPhase(CommonExecutor.java:65)
	at com.kms.katalon.core.main.TestSuiteExecutor.accessTestSuiteMainPhase(TestSuiteExecutor.java:144)
	at com.kms.katalon.core.main.TestSuiteExecutor.execute(TestSuiteExecutor.java:106)
	at com.kms.katalon.core.main.TestCaseMain.startTestSuite(TestCaseMain.java:185)
	at com.kms.katalon.core.main.TestCaseMain$startTestSuite$0.call(Unknown Source)
	at TempTestSuite1661319365526.run(TempTestSuite1661319365526.groovy:36)
Caused by: com.kms.katalon.core.exception.StepFailedException: No alert found
	at com.kms.katalon.core.webui.keyword.internal.WebUIKeywordMain.stepFailed(WebUIKeywordMain.groovy:64)
	at com.kms.katalon.core.webui.keyword.builtin.AcceptAlertKeyword$_acceptAlert_closure1.doCall(AcceptAlertKeyword.groovy:78)
	at com.kms.katalon.core.webui.keyword.builtin.AcceptAlertKeyword$_acceptAlert_closure1.call(AcceptAlertKeyword.groovy)
	at com.kms.katalon.core.webui.keyword.internal.WebUIKeywordMain.runKeyword(WebUIKeywordMain.groovy:20)
	... 19 more]]></system-err>
   </testsuite>
</testsuites>
